[0mGET / [36m304[0m 29.248 ms - -[0m
[0mGET /students [36m304[0m 260.715 ms - -[0m
[0mGET /std/addnewstd [36m304[0m 4.976 ms - -[0m
[0mPOST /std/createNewStudent [36m302[0m 508.396 ms - 62[0m
[0mGET /students [32m200[0m 252.938 ms - 4580[0m
[0mGET / [36m304[0m 10.403 ms - -[0m
[0mGET /students [32m200[0m 262.769 ms - 4580[0m
[0mGET /std/destroy/64a7f77eec6b807cae1f0b96 [32m200[0m 491.438 ms - 78[0m
[0mGET /std/addnewstd [36m304[0m 1.919 ms - -[0m
[0mGET / [36m304[0m 8.885 ms - -[0m
[0mGET /students [32m200[0m 252.705 ms - 3724[0m
[0mGET /std/destroy/64a80ac5f0b3da54a5fe3287 [32m200[0m 489.298 ms - 78[0m
[0mGET /std/addnewstd [36m304[0m 2.022 ms - -[0m
[0mGET /std/createNewStudent [33m404[0m 3.243 ms - 159[0m
[0mGET /std/addnewstd [36m304[0m 8.339 ms - -[0m
[0mGET / [32m200[0m 8.803 ms - 4682[0m
[0mGET /students [32m200[0m 244.769 ms - 2867[0m
[0mGET /std/addnewstd [32m200[0m 1.887 ms - 3791[0m
[0mGET /std/addnewstd [36m304[0m 9.072 ms - -[0m
[0mPOST /std/createNewStudent [36m302[0m 494.422 ms - 62[0m
[0mGET /students [32m200[0m 241.680 ms - 3753[0m
[0mGET /std/profile/64a80de99c8578a862323322 [32m200[0m 243.135 ms - 3271[0m
[0mPOST /uploads/64a80de99c8578a862323322 [0m-[0m - ms - -[0m
[0mPOST /uploads/64a80de99c8578a862323322 [36m302[0m 578.473 ms - 282[0m
[0mGET /std/profile/64a80de99c8578a862323322 [32m200[0m 238.779 ms - 3317[0m
[0mGET /uploads/students/avatars/avatar-1688735262873 [32m200[0m 1.886 ms - 154627[0m
[0mPOST /uploads/64a80de99c8578a862323322 [36m302[0m 238.697 ms - 282[0m
[0mGET /std/profile/64a80de99c8578a862323322 [36m304[0m 243.625 ms - -[0m
[0mGET /uploads/students/avatars/avatar-1688735262873 [36m304[0m 0.489 ms - -[0m
[0mGET /students [32m200[0m 244.360 ms - 3757[0m
[0mGET /std/destroy/64a80de99c8578a862323322 [32m200[0m 487.607 ms - 78[0m
[0mGET /interview [36m304[0m 248.123 ms - -[0m
[0mPOST /inter/newOne [32m200[0m 251.550 ms - 213[0m
[0mPOST /inter/newOne [32m200[0m 245.565 ms - 213[0m
[0mPOST /inter/newOne [32m200[0m 255.779 ms - 213[0m
[0mPOST /inter/newOne [32m200[0m 248.001 ms - 213[0m
[0mGET /interview [32m200[0m 243.925 ms - 7842[0m
[0mPOST /inter/newOne [32m200[0m 256.903 ms - 212[0m
[0mPOST /inter/newOne [32m200[0m 245.054 ms - 212[0m
[0mPOST /inter/newOne [32m200[0m 247.305 ms - 212[0m
[0mPOST /inter/newOne [32m200[0m 245.260 ms - 212[0m
[0mPOST /inter/newOne [32m200[0m 245.590 ms - 212[0m
[0mPOST /inter/newOne [32m200[0m 241.934 ms - 212[0m
[0mPOST /inter/newOne [32m200[0m 245.187 ms - 212[0m
[0mPOST /inter/newOne [32m200[0m 248.520 ms - 212[0m
[0mPOST /inter/newOne [32m200[0m 240.875 ms - 212[0m
[0mPOST /inter/newOne [32m200[0m 240.408 ms - 212[0m
[0mPOST /inter/newOne [32m200[0m 244.727 ms - 212[0m
[0mGET /inter/destroy/64a790c6e217d0df13e00ed8 [32m200[0m 489.304 ms - 82[0m
[0mGET /interview [32m200[0m 245.322 ms - 11999[0m
[0mGET /inter/destroy/64a790c6e217d0df13e00ed8 [0m-[0m - ms - -[0m
[0mGET /inter/destroy/64a790c7e217d0df13e00eda [32m200[0m 496.152 ms - 82[0m
[0mGET /interview [32m200[0m 252.326 ms - 11580[0m
[0mGET /inter/destroy/64a790c7e217d0df13e00eda [0m-[0m - ms - -[0m
[0mGET /inter/destroy/64a790c7e217d0df13e00eda [0m-[0m - ms - -[0m
[0mGET /inter/destroy/64a790c7e217d0df13e00eda [0m-[0m - ms - -[0m
[0mGET /inter/destroy/64a80edd9c8578a862323344 [0m-[0m - ms - -[0m
[0mGET /inter/destroy/64a80edd9c8578a862323342 [0m-[0m - ms - -[0m
[0mGET /inter/destroy/64a80edd9c8578a862323344 [0m-[0m - ms - -[0m
[0mGET /inter/destroy/64a80ede9c8578a862323346 [0m-[0m - ms - -[0m
[0mGET /interview [32m200[0m 241.616 ms - 10332[0m
[0mGET / [32m200[0m 7.713 ms - 4682[0m
[0mGET /interview [32m200[0m 253.358 ms - 10332[0m
